 
****************************************
Report : area
Design : mac_top
Version: P-2019.03-SP5
Date   : Tue May 19 23:07:40 2026
****************************************

Library(s) Used:

    tcb018g3d3tc_ccs (File: /usr/eelocal/tsmc_icdc/tsmc180/tsmc180_MS_RF_G/SC/tcb018g3d3/Rev280a/Front_End/timing_power_noise/CCS/tcb018g3d3_280a/tcb018g3d3tc_ccs.db)

Number of ports:                         2467
Number of nets:                          8484
Number of cells:                         6250
Number of combinational cells:           5914
Number of sequential cells:               305
Number of macros/black boxes:               0
Number of buf/inv:                       1513
Number of references:                      50

Combinational area:             117135.246954
Buf/Inv area:                    16290.893268
Noncombinational area:           22226.399582
Macro/Black Box area:                0.000000
Net Interconnect area:      undefined  (Wire load has zero net area)

Total cell area:                139361.646536
Total area:                 undefined
1
 
****************************************
Report : area
Design : mac_top
Version: P-2019.03-SP5
Date   : Tue May 19 23:17:05 2026
****************************************

Library(s) Used:

    tcb018g3d3tc_ccs (File: /usr/eelocal/tsmc_icdc/tsmc180/tsmc180_MS_RF_G/SC/tcb018g3d3/Rev280a/Front_End/timing_power_noise/CCS/tcb018g3d3_280a/tcb018g3d3tc_ccs.db)

Number of ports:                         2467
Number of nets:                          8484
Number of cells:                         6250
Number of combinational cells:           5914
Number of sequential cells:               305
Number of macros/black boxes:               0
Number of buf/inv:                       1513
Number of references:                      50

Combinational area:             117135.246954
Buf/Inv area:                    16290.893268
Noncombinational area:           22226.399582
Macro/Black Box area:                0.000000
Net Interconnect area:      undefined  (Wire load has zero net area)

Total cell area:                139361.646536
Total area:                 undefined
1
