###############################################################
#  Generated by:      Cadence Encounter 14.26-s039_1
#  OS:                Linux x86_64(Host ID ecelvd711.ece.local)
#  Generated on:      Tue May 19 23:42:07 2026
#  Design:            mac_top
#  Command:           verifyGeometry
###############################################################

SHORT: Regular Via of Net norm_shifter/sll_26/n12 & Blockage of Cell norm_shifter/sll_26/U3  ( METAL1 )
Bounds : ( 375.290, 117.740 ) ( 375.670, 118.020 )


SHORT: Regular Via of Net norm_shifter/sll_26/n11 & Blockage of Cell norm_shifter/sll_26/U6  ( METAL1 )
Bounds : ( 381.450, 127.820 ) ( 381.830, 128.100 )


SHORT: Regular Via of Net norm_shifter/sll_26/n11 & Blockage of Cell norm_shifter/sll_26/U6  ( METAL1 )
Bounds : ( 375.290, 127.820 ) ( 375.670, 128.100 )


SHORT: Regular Via of Net norm_shifter/sll_26/n7 & Blockage of Cell norm_shifter/sll_26/U8  ( METAL1 )
Bounds : ( 346.730, 23.100 ) ( 347.110, 23.380 )


SHORT: Regular Via of Net mul_inst/add_350/n62 & Blockage of Cell mul_inst/add_350/U93  ( METAL1 )
Bounds : ( 295.770, 391.580 ) ( 296.150, 391.860 )


SHORT: Regular Via of Net mul_inst/mult_mid/n350 & Blockage of Cell mul_inst/mult_mid/U247  ( METAL1 )
Bounds : ( 36.490, 389.900 ) ( 36.870, 390.180 )


SHORT: Regular Via of Net mul_inst/mult_mid/n264 & Blockage of Cell mul_inst/mult_mid/U62  ( METAL1 )
Bounds : ( 95.290, 345.660 ) ( 95.670, 345.940 )


SHORT: Regular Via of Net mul_inst/mult_mid/n26 & Blockage of Cell mul_inst/mult_mid/U127  ( METAL1 )
Bounds : ( 71.210, 323.820 ) ( 71.590, 324.100 )


SHORT: Regular Via of Net mul_inst/mult_mid/n13 & Blockage of Cell mul_inst/mult_mid/U67  ( METAL1 )
Bounds : ( 108.730, 374.220 ) ( 109.110, 374.500 )


SHORT: Regular Via of Net mul_inst/mult_Z2/n479 & Blockage of Cell mul_inst/mult_Z2/U371  ( METAL1 )
Bounds : ( 414.490, 365.820 ) ( 414.870, 366.100 )


SHORT: Regular Via of Net mul_inst/mult_Z2/n135 & Blockage of Cell mul_inst/mult_Z2/U426  ( METAL1 )
Bounds : ( 368.010, 333.900 ) ( 368.390, 334.180 )


SHORT: Regular Via of Net mul_inst/mult_Z2/n134 & Blockage of Cell mul_inst/mult_Z2/U331  ( METAL1 )
Bounds : ( 364.650, 341.180 ) ( 365.030, 341.460 )


SHORT: Regular Via of Net mul_inst/mult_Z2/n124 & Blockage of Cell mul_inst/mult_Z2/U356  ( METAL1 )
Bounds : ( 407.210, 343.980 ) ( 407.590, 344.260 )


SHORT: Regular Via of Net mul_inst/Z2_11_ & Blockage of Cell mul_inst/add_350/U13  ( METAL1 )
Bounds : ( 290.730, 374.220 ) ( 291.110, 374.500 )


SHORT: Regular Via of Net al_shift/sub_33/n57 & Blockage of Cell al_shift/sub_33/U37  ( METAL1 )
Bounds : ( 24.170, 117.740 ) ( 24.550, 118.020 )


SHORT: Regular Via of Net al_shift/sll_33/n70 & Blockage of Cell al_shift/sll_33/U45  ( METAL1 )
Bounds : ( 71.770, 93.660 ) ( 72.150, 93.940 )


SHORT: Regular Via of Net al_shift/sll_33/n69 & Blockage of Cell al_shift/sll_33/U18  ( METAL1 )
Bounds : ( 65.610, 97.580 ) ( 65.990, 97.860 )


SHORT: Regular Via of Net al_shift/sll_33/n69 & Blockage of Cell al_shift/sll_33/U18  ( METAL1 )
Bounds : ( 72.890, 97.580 ) ( 73.270, 97.860 )


SHORT: Regular Via of Net al_shift/N208 & Blockage of Cell al_shift/sll_33/U20  ( METAL1 )
Bounds : ( 70.090, 102.060 ) ( 70.470, 102.340 )


SHORT: Regular Via of Net al_shift/N210 & Blockage of Cell al_shift/sll_33/U29  ( METAL1 )
Bounds : ( 61.690, 89.180 ) ( 62.070, 89.460 )


SHORT: Regular Via of Net al_shift/N212 & Blockage of Cell al_shift/sll_33/U24  ( METAL1 )
Bounds : ( 77.370, 81.900 ) ( 77.750, 82.180 )


SHORT: Regular Via of Net al_shift/N217 & Blockage of Cell al_shift/sll_33/U31  ( METAL1 )
Bounds : ( 58.890, 91.980 ) ( 59.270, 92.260 )


SHORT: Regular Via of Net al_shift/N219 & Blockage of Cell al_shift/sll_33/U25  ( METAL1 )
Bounds : ( 56.650, 99.260 ) ( 57.030, 99.540 )


SHORT: Regular Via of Net n37 & Blockage of Cell U270  ( METAL1 )
Bounds : ( 386.490, 285.180 ) ( 386.870, 285.460 )


SHORT: Regular Via of Net n37 & Blockage of Cell U270  ( METAL1 )
Bounds : ( 395.450, 285.180 ) ( 395.830, 285.460 )


SHORT: Regular Via of Net n30 & Blockage of Cell U168  ( METAL1 )
Bounds : ( 252.650, 279.020 ) ( 253.030, 279.300 )



Begin Summary ...
  Cells       : 0
  SameNet     : 0
  Wiring      : 0
  Antenna     : 0
  Short       : 26
  Overlap     : 0
End Summary

  Total Violations : 26 Viols.
