###############################################################
#  Generated by:      Cadence Encounter 14.26-s039_1
#  OS:                Linux x86_64(Host ID ecelvd711.ece.local)
#  Generated on:      Tue May 19 23:42:40 2026
#  Design:            mac_top
#  Command:           verifyMetalDensity -report mac_top.density.rpt
###############################################################

Verify Density report created on Tue May 19 23:42:40 2026

###############################################################
# Layer       M1 - Window size      : 200.0um X 200.0um
# Layer       M1 - Window step      : 100.0um X 100.0um
# Layer       M1 - Min Density      : 30%
# Layer       M1 - Pref Density     : 35%
# Layer       M1 - Max Density      : 80%
# Layer       M1 - Ext Density      : 35%
# Layer       M2 - Window size      : 200.0um X 200.0um
# Layer       M2 - Window step      : 100.0um X 100.0um
# Layer       M2 - Min Density      : 30%
# Layer       M2 - Pref Density     : 35%
# Layer       M2 - Max Density      : 80%
# Layer       M2 - Ext Density      : 35%
# Layer       M3 - Window size      : 200.0um X 200.0um
# Layer       M3 - Window step      : 100.0um X 100.0um
# Layer       M3 - Min Density      : 30%
# Layer       M3 - Pref Density     : 35%
# Layer       M3 - Max Density      : 80%
# Layer       M3 - Ext Density      : 35%
# Layer       M4 - Window size      : 200.0um X 200.0um
# Layer       M4 - Window step      : 100.0um X 100.0um
# Layer       M4 - Min Density      : 30%
# Layer       M4 - Pref Density     : 35%
# Layer       M4 - Max Density      : 80%
# Layer       M4 - Ext Density      : 35%
# Layer       M5 - Window size      : 200.0um X 200.0um
# Layer       M5 - Window step      : 100.0um X 100.0um
# Layer       M5 - Min Density      : 30%
# Layer       M5 - Pref Density     : 35%
# Layer       M5 - Max Density      : 80%
# Layer       M5 - Ext Density      : 35%
# Layer       M6 - Window size      : 200.0um X 200.0um
# Layer       M6 - Window step      : 100.0um X 100.0um
# Layer       M6 - Min Density      : 30%
# Layer       M6 - Pref Density     : 35%
# Layer       M6 - Max Density      : 80%
# Layer       M6 - Ext Density      : 35%
###############################################################


    Layer    Density(%)          Window  
***************************************************

      M2       16.66    (0 0) (200 200)
      M2       14.84    (100 0) (300 200)
      M2       12.71    (200 0) (400 200)
      M2       13.24    (258.965 0) (458.965 200)
      M2       15.15    (0 100) (200 300)
      M2       13.21    (100 100) (300 300)
      M2       11.53    (200 100) (400 300)
      M2       12.21    (258.965 100) (458.965 300)
      M2       12.58    (0 200) (200 400)
      M2       11.49    (100 200) (300 400)
      M2       11.43    (200 200) (400 400)
      M2       12.31    (258.965 200) (458.965 400)
      M2       11.06    (0 253.6) (200 453.6)
      M2       10.67    (100 253.6) (300 453.6)
      M2       11.16    (200 253.6) (400 453.6)
      M2       11.86    (258.965 253.6) (458.965 453.6)

      M3       13.75    (0 0) (200 200)
      M3       13.91    (100 0) (300 200)
      M3        9.93    (200 0) (400 200)
      M3        9.84    (258.965 0) (458.965 200)
      M3       13.93    (0 100) (200 300)
      M3       14.52    (100 100) (300 300)
      M3       12.86    (200 100) (400 300)
      M3       12.68    (258.965 100) (458.965 300)
      M3       12.29    (0 200) (200 400)
      M3       13.83    (100 200) (300 400)
      M3       14.34    (200 200) (400 400)
      M3       13.03    (258.965 200) (458.965 400)
      M3       10.71    (0 253.6) (200 453.6)
      M3       12.52    (100 253.6) (300 453.6)
      M3       13.06    (200 253.6) (400 453.6)
      M3       11.63    (258.965 253.6) (458.965 453.6)

      M4        6.77    (0 0) (200 200)
      M4        7.22    (100 0) (300 200)
      M4        2.87    (200 0) (400 200)
      M4        1.76    (258.965 0) (458.965 200)
      M4        4.95    (0 100) (200 300)
      M4        4.79    (100 100) (300 300)
      M4        1.77    (200 100) (400 300)
      M4        1.05    (258.965 100) (458.965 300)
      M4        1.97    (0 200) (200 400)
      M4        1.95    (100 200) (300 400)
      M4        1.57    (200 200) (400 400)
      M4        1.04    (258.965 200) (458.965 400)
      M4        1.53    (0 253.6) (200 453.6)
      M4        1.58    (100 253.6) (300 453.6)
      M4        1.47    (200 253.6) (400 453.6)
      M4        0.94    (258.965 253.6) (458.965 453.6)

      M5        0.71    (0 0) (200 200)
      M5        0.64    (100 0) (300 200)
      M5        0.14    (200 0) (400 200)
      M5        0.10    (258.965 0) (458.965 200)
      M5        1.71    (0 100) (200 300)
      M5        1.19    (100 100) (300 300)
      M5        0.67    (200 100) (400 300)
      M5        0.68    (258.965 100) (458.965 300)
      M5        1.31    (0 200) (200 400)
      M5        1.19    (100 200) (300 400)
      M5        1.02    (200 200) (400 400)
      M5        0.86    (258.965 200) (458.965 400)
      M5        0.50    (0 253.6) (200 453.6)
      M5        0.92    (100 253.6) (300 453.6)
      M5        0.80    (200 253.6) (400 453.6)
      M5        0.53    (258.965 253.6) (458.965 453.6)

      M6        0.11    (0 0) (200 200)
      M6        0.18    (100 0) (300 200)
      M6        0.08    (200 0) (400 200)
      M6        0.02    (258.965 0) (458.965 200)
      M6        0.02    (0 100) (200 300)
      M6        0.04    (100 100) (300 300)
      M6        0.02    (200 100) (400 300)
      M6        0.00    (258.965 100) (458.965 300)
      M6        0.00    (0 200) (200 400)
      M6        0.00    (100 200) (300 400)
      M6        0.00    (200 200) (400 400)
      M6        0.00    (258.965 200) (458.965 400)
      M6        0.00    (0 253.6) (200 453.6)
      M6        0.00    (100 253.6) (300 453.6)
      M6        0.00    (200 253.6) (400 453.6)
      M6        0.00    (258.965 253.6) (458.965 453.6)


A total of 80 density violation(s).
Windows < Min. Density = 80
Windows > Max. Density = 0
